<?xml version="1.0" encoding="UTF-8"?>
<testng-results ignored="0" total="9" passed="9" failed="0" skipped="0">
  <reporter-output>
  </reporter-output>
  <suite started-at="2021-11-14T19:36:39Z" name="Default suite" finished-at="2021-11-14T19:38:16Z" duration-ms="96756">
    <groups>
    </groups>
    <test started-at="2021-11-14T19:36:39Z" name="Default test" finished-at="2021-11-14T19:38:16Z" duration-ms="96756">
      <class name="QT.BotRunner">
        <test-method is-config="true" signature="QualithonStart()[pri:0, instance:QT.BotRunner@6dbb137d]" started-at="2021-11-14T19:36:15Z" name="QualithonStart" finished-at="2021-11-14T19:36:39Z" duration-ms="24099" status="PASS">
          <reporter-output>
          </reporter-output>
        </test-method> <!-- QualithonStart -->
        <test-method signature="T001_EnterQulaithon()[pri:0, instance:QT.BotRunner@6dbb137d]" started-at="2021-11-14T19:36:39Z" name="T001_EnterQulaithon" finished-at="2021-11-14T19:36:54Z" duration-ms="14600" status="PASS">
          <reporter-output>
          </reporter-output>
        </test-method> <!-- T001_EnterQulaithon -->
        <test-method signature="T002_StartTreasure()[pri:0, instance:QT.BotRunner@6dbb137d]" started-at="2021-11-14T19:36:54Z" name="T002_StartTreasure" finished-at="2021-11-14T19:36:58Z" duration-ms="3981" status="PASS">
          <reporter-output>
          </reporter-output>
        </test-method> <!-- T002_StartTreasure -->
        <test-method signature="T003_C1_Proceed()[pri:0, instance:QT.BotRunner@6dbb137d]" started-at="2021-11-14T19:36:58Z" name="T003_C1_Proceed" finished-at="2021-11-14T19:37:05Z" duration-ms="7479" status="PASS">
          <reporter-output>
          </reporter-output>
        </test-method> <!-- T003_C1_Proceed -->
        <test-method signature="T004_VideoPlayer()[pri:0, instance:QT.BotRunner@6dbb137d]" started-at="2021-11-14T19:37:05Z" name="T004_VideoPlayer" finished-at="2021-11-14T19:37:28Z" duration-ms="22423" status="PASS">
          <reporter-output>
          </reporter-output>
        </test-method> <!-- T004_VideoPlayer -->
        <test-method signature="T005_CrystalMaze()[pri:0, instance:QT.BotRunner@6dbb137d]" started-at="2021-11-14T19:37:28Z" name="T005_CrystalMaze" finished-at="2021-11-14T19:37:46Z" duration-ms="18263" status="PASS">
          <reporter-output>
          </reporter-output>
        </test-method> <!-- T005_CrystalMaze -->
        <test-method signature="T006_Maps()[pri:0, instance:QT.BotRunner@6dbb137d]" started-at="2021-11-14T19:37:46Z" name="T006_Maps" finished-at="2021-11-14T19:38:02Z" duration-ms="16320" status="PASS">
          <reporter-output>
          </reporter-output>
        </test-method> <!-- T006_Maps -->
        <test-method signature="T007_Captcha()[pri:0, instance:QT.BotRunner@6dbb137d]" started-at="2021-11-14T19:38:02Z" name="T007_Captcha" finished-at="2021-11-14T19:38:06Z" duration-ms="3360" status="PASS">
          <reporter-output>
          </reporter-output>
        </test-method> <!-- T007_Captcha -->
        <test-method signature="T008_WebSocket()[pri:0, instance:QT.BotRunner@6dbb137d]" started-at="2021-11-14T19:38:06Z" name="T008_WebSocket" finished-at="2021-11-14T19:38:08Z" duration-ms="1939" status="PASS">
          <reporter-output>
          </reporter-output>
        </test-method> <!-- T008_WebSocket -->
        <test-method signature="T009_ThanksScreen()[pri:0, instance:QT.BotRunner@6dbb137d]" started-at="2021-11-14T19:38:08Z" name="T009_ThanksScreen" finished-at="2021-11-14T19:38:16Z" duration-ms="8314" status="PASS">
          <reporter-output>
          </reporter-output>
        </test-method> <!-- T009_ThanksScreen -->
      </class> <!-- QT.BotRunner -->
    </test> <!-- Default test -->
  </suite> <!-- Default suite -->
</testng-results>
